
=== Nouvelle session ===
ModËle Churn entrainÈ
Pipeline dÈployÈ
=== Fin session ===

=== D√©but session MLOps ===
Mod√®le ChurnModel entra√Æn√©.
Pipeline ChurnPipeline d√©ploy√©.
=== Fin session MLOps ===

=== D√©but session MLOps ===
Mod√®le ChurnModel entra√Æn√©.
Pipeline ChurnPipeline d√©ploy√©.
=== Fin session MLOps ===

=== D√©but session MLOps ===
Mod√®le ChurnModel entra√Æn√©.
Pipeline ChurnPipeline d√©ploy√©.
=== Fin session MLOps ===

=== D√©but session MLOps ===
Mod√®le ChurnModel entra√Æn√©.
Pipeline ChurnPipeline d√©ploy√©.
=== Fin session MLOps ===

=== D√©but session MLOps ===
Mod√®le ChurnModel entra√Æn√©.
Pipeline ChurnPipeline d√©ploy√©.
=== Fin session MLOps ===

=== D√©but session MLOps ===
Mod√®le ChurnModel entra√Æn√©.
Pipeline ChurnPipeline d√©ploy√©.
=== Fin session MLOps ===
